<?xml version="1.0" encoding="UTF-8"?>
<!-- Generated by org.testng.reporters.JUnitXMLReporter -->
<testsuite hostname="DESKTOP-FVFDV2E" failures="0" tests="4" name="Default test" time="33.437" errors="0" timestamp="27 Jul 2023 11:39:03 GMT">
  <testcase classname="DhruvAcedemy.SeleniumFrameworkDesign.MainTest" name="getScreenshot" time="0.0">
    <skipped/>
  </testcase> <!-- getScreenshot -->
  <testcase classname="DhruvAcedemy.SeleniumFrameworkDesign.MainTest" name="submitOrder" time="9.851"/>
  <testcase classname="DhruvAcedemy.SeleniumFrameworkDesign.MainTest" name="submitOrder" time="9.613"/>
  <testcase classname="DhruvAcedemy.SeleniumFrameworkDesign.MainTest" name="ordersItemsValidation" time="0.843"/>
</testsuite> <!-- Default test -->
