<?xml version="1.0" encoding="UTF-8"?>
<!-- Generated by org.testng.reporters.JUnitXMLReporter -->
<testsuite hostname="DESKTOP-FVFDV2E" failures="0" tests="3" name="Submit Order Test" time="84.136" errors="0" timestamp="28 Jul 2023 05:14:38 GMT">
  <testcase classname="DhruvAcedemy.SeleniumFrameworkDesign.MainTest" name="submitOrder" time="10.5"/>
  <testcase classname="DhruvAcedemy.SeleniumFrameworkDesign.MainTest" name="submitOrder" time="9.722"/>
  <testcase classname="DhruvAcedemy.SeleniumFrameworkDesign.MainTest" name="ordersItemsValidation" time="0.59"/>
</testsuite> <!-- Submit Order Test -->
